C:\USERS\CLIENTMD\DESKTOP\420-440-SF-H14-TP3-2-EQ04\GUI\DEBUG\SHORTCUT.OBJ
C:\USERS\CLIENTMD\DESKTOP\420-440-SF-H14-TP3-2-EQ04\GUI\DEBUG\SFMLWINDOW.OBJ
C:\USERS\CLIENTMD\DESKTOP\420-440-SF-H14-TP3-2-EQ04\GUI\DEBUG\SFMLCANVAS.OBJ
C:\USERS\CLIENTMD\DESKTOP\420-440-SF-H14-TP3-2-EQ04\GUI\DEBUG\PLAYMUSIC.OBJ
C:\USERS\CLIENTMD\DESKTOP\420-440-SF-H14-TP3-2-EQ04\GUI\DEBUG\LOADINGDIALOG.OBJ
C:\USERS\CLIENTMD\DESKTOP\420-440-SF-H14-TP3-2-EQ04\GUI\DEBUG\MAIN.OBJ
C:\USERS\CLIENTMD\DESKTOP\420-440-SF-H14-TP3-2-EQ04\GUI\DEBUG\KEYBOARDBUTTON.OBJ
C:\USERS\CLIENTMD\DESKTOP\420-440-SF-H14-TP3-2-EQ04\GUI\DEBUG\INTERFACELOGIQUE.OBJ
C:\USERS\CLIENTMD\DESKTOP\420-440-SF-H14-TP3-2-EQ04\GUI\DEBUG\GUI.OBJ
C:\USERS\CLIENTMD\DESKTOP\420-440-SF-H14-TP3-2-EQ04\GUI\DEBUG\MOC_GUI.OBJ
C:\USERS\CLIENTMD\DESKTOP\420-440-SF-H14-TP3-2-EQ04\GUI\DEBUG\QRC_GUI.OBJ
C:\USERS\CLIENTMD\DESKTOP\420-440-SF-H14-TP3-2-EQ04\GUI\DEBUG\VC110.PDB
C:\USERS\CLIENTMD\DESKTOP\420-440-SF-H14-TP3-2-EQ04\GUI\DEBUG\MESSAGEWINDOW.OBJ
C:\USERS\CLIENTMD\DESKTOP\420-440-SF-H14-TP3-2-EQ04\GUI\DEBUG\KEYBOARDFACADE.OBJ
C:\USERS\CLIENTMD\DESKTOP\420-440-SF-H14-TP3-2-EQ04\GUI\GENERATEDFILES\QRC_GUI.CPP
C:\USERS\CLIENTMD\DESKTOP\420-440-SF-H14-TP3-2-EQ04\GUI\GENERATEDFILES\UI_GUI.H
C:\USERS\CLIENTMD\DESKTOP\420-440-SF-H14-TP3-2-EQ04\GUI\GENERATEDFILES\DEBUG\MOC_GUI.CPP
C:\USERS\CLIENTMD\DESKTOP\420-440-SF-H14-TP3-2-EQ04\GUI\DEBUG\GUI.RES
C:\Users\clientmd\Desktop\420-440-SF-H14-TP3-2-EQ04\GUI\Debug\GUI.vcxprojResolveAssemblyReference.cache
C:\Users\clientmd\Desktop\420-440-SF-H14-TP3-2-EQ04\GUI\Debug\gui.obj
C:\Users\clientmd\Desktop\420-440-SF-H14-TP3-2-EQ04\GUI\Debug\InterfaceLogique.obj
C:\Users\clientmd\Desktop\420-440-SF-H14-TP3-2-EQ04\GUI\Debug\KeyboardButton.obj
C:\Users\clientmd\Desktop\420-440-SF-H14-TP3-2-EQ04\GUI\Debug\KeyboardFacade.obj
C:\Users\clientmd\Desktop\420-440-SF-H14-TP3-2-EQ04\GUI\Debug\LoadingDialog.obj
C:\Users\clientmd\Desktop\420-440-SF-H14-TP3-2-EQ04\GUI\Debug\main.obj
C:\Users\clientmd\Desktop\420-440-SF-H14-TP3-2-EQ04\GUI\Debug\MessageWindow.obj
C:\Users\clientmd\Desktop\420-440-SF-H14-TP3-2-EQ04\GUI\Debug\moc_gui.obj
C:\Users\clientmd\Desktop\420-440-SF-H14-TP3-2-EQ04\GUI\Debug\PlayMusic.obj
C:\Users\clientmd\Desktop\420-440-SF-H14-TP3-2-EQ04\GUI\Debug\qrc_gui.obj
C:\Users\clientmd\Desktop\420-440-SF-H14-TP3-2-EQ04\GUI\Debug\SFMLCanvas.obj
C:\Users\clientmd\Desktop\420-440-SF-H14-TP3-2-EQ04\GUI\Debug\SFMLWindow.obj
C:\Users\clientmd\Desktop\420-440-SF-H14-TP3-2-EQ04\GUI\Debug\Shortcut.obj
C:\Users\clientmd\Desktop\420-440-SF-H14-TP3-2-EQ04\GUI\Debug\cl.command.1.tlog
C:\Users\clientmd\Desktop\420-440-SF-H14-TP3-2-EQ04\GUI\Debug\CL.read.1.tlog
C:\Users\clientmd\Desktop\420-440-SF-H14-TP3-2-EQ04\GUI\Debug\CL.write.1.tlog
C:\Users\clientmd\Desktop\420-440-SF-H14-TP3-2-EQ04\GUI\Debug\custombuild.command.1.tlog
C:\Users\clientmd\Desktop\420-440-SF-H14-TP3-2-EQ04\GUI\Debug\custombuild.read.1.tlog
C:\Users\clientmd\Desktop\420-440-SF-H14-TP3-2-EQ04\GUI\Debug\custombuild.write.1.tlog
C:\Users\clientmd\Desktop\420-440-SF-H14-TP3-2-EQ04\GUI\Debug\link-cvtres.read.1.tlog
C:\Users\clientmd\Desktop\420-440-SF-H14-TP3-2-EQ04\GUI\Debug\link-cvtres.write.1.tlog
C:\Users\clientmd\Desktop\420-440-SF-H14-TP3-2-EQ04\GUI\Debug\link-rc.read.1.tlog
C:\Users\clientmd\Desktop\420-440-SF-H14-TP3-2-EQ04\GUI\Debug\link-rc.write.1.tlog
C:\Users\clientmd\Desktop\420-440-SF-H14-TP3-2-EQ04\GUI\Debug\link.1580-cvtres.read.1.tlog
C:\Users\clientmd\Desktop\420-440-SF-H14-TP3-2-EQ04\GUI\Debug\link.1580-cvtres.write.1.tlog
C:\Users\clientmd\Desktop\420-440-SF-H14-TP3-2-EQ04\GUI\Debug\link.1580-rc.read.1.tlog
C:\Users\clientmd\Desktop\420-440-SF-H14-TP3-2-EQ04\GUI\Debug\link.1580-rc.write.1.tlog
C:\Users\clientmd\Desktop\420-440-SF-H14-TP3-2-EQ04\GUI\Debug\link.1580.read.1.tlog
C:\Users\clientmd\Desktop\420-440-SF-H14-TP3-2-EQ04\GUI\Debug\link.1580.write.1.tlog
C:\Users\clientmd\Desktop\420-440-SF-H14-TP3-2-EQ04\GUI\Debug\link.3952-cvtres.read.1.tlog
C:\Users\clientmd\Desktop\420-440-SF-H14-TP3-2-EQ04\GUI\Debug\link.3952-cvtres.write.1.tlog
C:\Users\clientmd\Desktop\420-440-SF-H14-TP3-2-EQ04\GUI\Debug\link.3952-rc.read.1.tlog
C:\Users\clientmd\Desktop\420-440-SF-H14-TP3-2-EQ04\GUI\Debug\link.3952-rc.write.1.tlog
C:\Users\clientmd\Desktop\420-440-SF-H14-TP3-2-EQ04\GUI\Debug\link.3952.read.1.tlog
C:\Users\clientmd\Desktop\420-440-SF-H14-TP3-2-EQ04\GUI\Debug\link.3952.write.1.tlog
C:\Users\clientmd\Desktop\420-440-SF-H14-TP3-2-EQ04\GUI\Debug\link.5156-cvtres.read.1.tlog
C:\Users\clientmd\Desktop\420-440-SF-H14-TP3-2-EQ04\GUI\Debug\link.5156-cvtres.write.1.tlog
C:\Users\clientmd\Desktop\420-440-SF-H14-TP3-2-EQ04\GUI\Debug\link.5156-rc.read.1.tlog
C:\Users\clientmd\Desktop\420-440-SF-H14-TP3-2-EQ04\GUI\Debug\link.5156-rc.write.1.tlog
C:\Users\clientmd\Desktop\420-440-SF-H14-TP3-2-EQ04\GUI\Debug\link.5156.read.1.tlog
C:\Users\clientmd\Desktop\420-440-SF-H14-TP3-2-EQ04\GUI\Debug\link.5156.write.1.tlog
C:\Users\clientmd\Desktop\420-440-SF-H14-TP3-2-EQ04\GUI\Debug\link.5644-cvtres.read.1.tlog
C:\Users\clientmd\Desktop\420-440-SF-H14-TP3-2-EQ04\GUI\Debug\link.5644-cvtres.write.1.tlog
C:\Users\clientmd\Desktop\420-440-SF-H14-TP3-2-EQ04\GUI\Debug\link.5644-rc.read.1.tlog
C:\Users\clientmd\Desktop\420-440-SF-H14-TP3-2-EQ04\GUI\Debug\link.5644-rc.write.1.tlog
C:\Users\clientmd\Desktop\420-440-SF-H14-TP3-2-EQ04\GUI\Debug\link.5644.read.1.tlog
C:\Users\clientmd\Desktop\420-440-SF-H14-TP3-2-EQ04\GUI\Debug\link.5644.write.1.tlog
C:\Users\clientmd\Desktop\420-440-SF-H14-TP3-2-EQ04\GUI\Debug\link.5656-cvtres.read.1.tlog
C:\Users\clientmd\Desktop\420-440-SF-H14-TP3-2-EQ04\GUI\Debug\link.5656-cvtres.write.1.tlog
C:\Users\clientmd\Desktop\420-440-SF-H14-TP3-2-EQ04\GUI\Debug\link.5656-rc.read.1.tlog
C:\Users\clientmd\Desktop\420-440-SF-H14-TP3-2-EQ04\GUI\Debug\link.5656-rc.write.1.tlog
C:\Users\clientmd\Desktop\420-440-SF-H14-TP3-2-EQ04\GUI\Debug\link.5656.read.1.tlog
C:\Users\clientmd\Desktop\420-440-SF-H14-TP3-2-EQ04\GUI\Debug\link.5656.write.1.tlog
C:\Users\clientmd\Desktop\420-440-SF-H14-TP3-2-EQ04\GUI\Debug\link.6176-cvtres.read.1.tlog
C:\Users\clientmd\Desktop\420-440-SF-H14-TP3-2-EQ04\GUI\Debug\link.6176-cvtres.write.1.tlog
C:\Users\clientmd\Desktop\420-440-SF-H14-TP3-2-EQ04\GUI\Debug\link.6176-rc.read.1.tlog
C:\Users\clientmd\Desktop\420-440-SF-H14-TP3-2-EQ04\GUI\Debug\link.6176-rc.write.1.tlog
C:\Users\clientmd\Desktop\420-440-SF-H14-TP3-2-EQ04\GUI\Debug\link.6176.read.1.tlog
C:\Users\clientmd\Desktop\420-440-SF-H14-TP3-2-EQ04\GUI\Debug\link.6176.write.1.tlog
C:\Users\clientmd\Desktop\420-440-SF-H14-TP3-2-EQ04\GUI\Debug\link.6208-cvtres.read.1.tlog
C:\Users\clientmd\Desktop\420-440-SF-H14-TP3-2-EQ04\GUI\Debug\link.6208-cvtres.write.1.tlog
C:\Users\clientmd\Desktop\420-440-SF-H14-TP3-2-EQ04\GUI\Debug\link.6208-rc.read.1.tlog
C:\Users\clientmd\Desktop\420-440-SF-H14-TP3-2-EQ04\GUI\Debug\link.6208-rc.write.1.tlog
C:\Users\clientmd\Desktop\420-440-SF-H14-TP3-2-EQ04\GUI\Debug\link.6208.read.1.tlog
C:\Users\clientmd\Desktop\420-440-SF-H14-TP3-2-EQ04\GUI\Debug\link.6208.write.1.tlog
C:\Users\clientmd\Desktop\420-440-SF-H14-TP3-2-EQ04\GUI\Debug\link.6276-cvtres.read.1.tlog
C:\Users\clientmd\Desktop\420-440-SF-H14-TP3-2-EQ04\GUI\Debug\link.6276-cvtres.write.1.tlog
C:\Users\clientmd\Desktop\420-440-SF-H14-TP3-2-EQ04\GUI\Debug\link.6276-rc.read.1.tlog
C:\Users\clientmd\Desktop\420-440-SF-H14-TP3-2-EQ04\GUI\Debug\link.6276-rc.write.1.tlog
C:\Users\clientmd\Desktop\420-440-SF-H14-TP3-2-EQ04\GUI\Debug\link.6276.read.1.tlog
C:\Users\clientmd\Desktop\420-440-SF-H14-TP3-2-EQ04\GUI\Debug\link.6276.write.1.tlog
C:\Users\clientmd\Desktop\420-440-SF-H14-TP3-2-EQ04\GUI\Debug\link.6316-cvtres.read.1.tlog
C:\Users\clientmd\Desktop\420-440-SF-H14-TP3-2-EQ04\GUI\Debug\link.6316-cvtres.write.1.tlog
C:\Users\clientmd\Desktop\420-440-SF-H14-TP3-2-EQ04\GUI\Debug\link.6316-rc.read.1.tlog
C:\Users\clientmd\Desktop\420-440-SF-H14-TP3-2-EQ04\GUI\Debug\link.6316-rc.write.1.tlog
C:\Users\clientmd\Desktop\420-440-SF-H14-TP3-2-EQ04\GUI\Debug\link.6316.read.1.tlog
C:\Users\clientmd\Desktop\420-440-SF-H14-TP3-2-EQ04\GUI\Debug\link.6316.write.1.tlog
C:\Users\clientmd\Desktop\420-440-SF-H14-TP3-2-EQ04\GUI\Debug\link.6808-cvtres.read.1.tlog
C:\Users\clientmd\Desktop\420-440-SF-H14-TP3-2-EQ04\GUI\Debug\link.6808-cvtres.write.1.tlog
C:\Users\clientmd\Desktop\420-440-SF-H14-TP3-2-EQ04\GUI\Debug\link.6808-rc.read.1.tlog
C:\Users\clientmd\Desktop\420-440-SF-H14-TP3-2-EQ04\GUI\Debug\link.6808-rc.write.1.tlog
C:\Users\clientmd\Desktop\420-440-SF-H14-TP3-2-EQ04\GUI\Debug\link.6808.read.1.tlog
C:\Users\clientmd\Desktop\420-440-SF-H14-TP3-2-EQ04\GUI\Debug\link.6808.write.1.tlog
C:\Users\clientmd\Desktop\420-440-SF-H14-TP3-2-EQ04\GUI\Debug\link.7484-cvtres.read.1.tlog
C:\Users\clientmd\Desktop\420-440-SF-H14-TP3-2-EQ04\GUI\Debug\link.7484-cvtres.write.1.tlog
C:\Users\clientmd\Desktop\420-440-SF-H14-TP3-2-EQ04\GUI\Debug\link.7484-rc.read.1.tlog
C:\Users\clientmd\Desktop\420-440-SF-H14-TP3-2-EQ04\GUI\Debug\link.7484-rc.write.1.tlog
C:\Users\clientmd\Desktop\420-440-SF-H14-TP3-2-EQ04\GUI\Debug\link.7484.read.1.tlog
C:\Users\clientmd\Desktop\420-440-SF-H14-TP3-2-EQ04\GUI\Debug\link.7484.write.1.tlog
C:\Users\clientmd\Desktop\420-440-SF-H14-TP3-2-EQ04\GUI\Debug\link.command.1.tlog
C:\Users\clientmd\Desktop\420-440-SF-H14-TP3-2-EQ04\GUI\Debug\link.read.1.tlog
C:\Users\clientmd\Desktop\420-440-SF-H14-TP3-2-EQ04\GUI\Debug\link.write.1.tlog
C:\Users\clientmd\Desktop\420-440-SF-H14-TP3-2-EQ04\GUI\Debug\rc.command.1.tlog
C:\Users\clientmd\Desktop\420-440-SF-H14-TP3-2-EQ04\GUI\Debug\rc.read.1.tlog
C:\Users\clientmd\Desktop\420-440-SF-H14-TP3-2-EQ04\GUI\Debug\rc.write.1.tlog
C:\Users\clientmd\Desktop\420-440-SF-H14-TP3-2-EQ04\GUI\Debug\GUI.res
C:\Users\clientmd\Desktop\420-440-SF-H14-TP3-2-EQ04\GUI\Debug\vc110.pdb
C:\Users\clientmd\Desktop\420-440-SF-H14-TP3-2-EQ04\Win32\Debug\Interface.pdb
